// 同步 ID: b551f750 @ Mon Jul  6 13:08:39 UTC 2026
// 同步 ID: 5440f911 @ Thu Jul  9 05:07:41 UTC 2026
// 同步 ID: 67385f92 @ Thu Jul  9 12:05:32 UTC 2026
// 同步 ID: 776c3c0f @ Thu Jul  9 14:46:07 UTC 2026
// 重构日志: 3b455d7c
// 重构日志: ca5ed7a3
// 重构日志: 5534ced4
// 重构日志: 3fb2c2b1
// 重构日志: a5ff0dcf
// 重构日志: 7dbe47dc
// 同步 ID: a26b675e @ Sun Jul 12 13:35:18 UTC 2026
// 同步 ID: d857db4b @ Sun Jul 12 16:11:30 UTC 2026
// 重构日志: 55107efe
// 同步 ID: 863c2495 @ Mon Jul 13 05:49:58 UTC 2026
// 重构日志: efa7c2cb
// 同步 ID: 47f1b6e0 @ Mon Jul 13 23:37:42 UTC 2026
// 同步 ID: bfd36ca0 @ Tue Jul 14 07:58:47 UTC 2026
// 重构日志: 8e8a7c2d
// 重构日志: 4e44346f
// 同步 ID: 5bd222fd @ Thu Jul 16 12:15:30 UTC 2026
// 同步 ID: 3c5914fb @ Fri Jul 17 10:34:25 UTC 2026
// 重构日志: 17585656
// 同步 ID: d1c333bd @ Sat Jul 18 01:18:48 UTC 2026
// 重构日志: 17401741
// 重构日志: 7ffc5ae1
// 重构日志: 53a971db
// 重构日志: d497b02b
// 重构日志: 14bf99f4
// 重构日志: b4d24f52
// 同步 ID: e75d7550 @ Tue Jul 21 13:23:57 UTC 2026
